<?xml version="1.0" encoding="UTF-8"?>
<!-- Generated by org.testng.reporters.JUnitXMLReporter -->
<testsuite ignored="0" hostname="LAPTOP-M8IMRJU0" failures="0" tests="10" name="Default test" time="145.491" errors="0" timestamp="2022-01-20T23:55:34 IST">
  <testcase classname="runner.WebApp" name="test1" time="0.867"/>
  <testcase classname="runner.WebApp" name="test2" time="0.954"/>
  <testcase classname="runner.WebApp" name="test3" time="0.252"/>
  <testcase classname="runner.WebApp" name="test4" time="2.19"/>
  <testcase classname="runner.WebApp" name="test5" time="3.068"/>
  <testcase classname="runner.WebApp" name="test6" time="10.815"/>
  <testcase classname="runner.WebApp" name="test7" time="14.882"/>
  <testcase classname="runner.WebApp" name="test8" time="17.36"/>
  <testcase classname="runner.WebApp" name="test9" time="19.463"/>
  <testcase classname="runner.WebApp" name="test10" time="7.42"/>
</testsuite> <!-- Default test -->
