<?xml version="1.0" encoding="UTF-8"?>
<testng-results ignored="0" total="10" passed="10" failed="0" skipped="0">
  <reporter-output>
  </reporter-output>
  <suite started-at="2022-01-20T23:53:08 IST" name="Default suite" finished-at="2022-01-20T23:55:34 IST" duration-ms="145491">
    <groups>
    </groups>
    <test started-at="2022-01-20T23:53:08 IST" name="Default test" finished-at="2022-01-20T23:55:34 IST" duration-ms="145491">
      <class name="runner.WebApp">
        <test-method is-config="true" signature="Before()[pri:0, instance:runner.WebApp@8576fa0]" started-at="2022-01-20T23:53:08 IST" name="Before" finished-at="2022-01-20T23:53:20 IST" duration-ms="11627" status="PASS">
          <reporter-output>
          </reporter-output>
        </test-method> <!-- Before -->
        <test-method signature="test1()[pri:1, instance:runner.WebApp@8576fa0]" started-at="2022-01-20T23:53:20 IST" name="test1" finished-at="2022-01-20T23:53:21 IST" duration-ms="867" status="PASS">
          <reporter-output>
          </reporter-output>
        </test-method> <!-- test1 -->
        <test-method is-config="true" signature="After()[pri:0, instance:runner.WebApp@8576fa0]" started-at="2022-01-20T23:53:21 IST" name="After" finished-at="2022-01-20T23:53:21 IST" duration-ms="328" status="PASS">
          <reporter-output>
          </reporter-output>
        </test-method> <!-- After -->
        <test-method is-config="true" signature="Before()[pri:0, instance:runner.WebApp@8576fa0]" started-at="2022-01-20T23:53:21 IST" name="Before" finished-at="2022-01-20T23:53:26 IST" duration-ms="5039" status="PASS">
          <reporter-output>
          </reporter-output>
        </test-method> <!-- Before -->
        <test-method signature="test2()[pri:2, instance:runner.WebApp@8576fa0]" started-at="2022-01-20T23:53:26 IST" name="test2" finished-at="2022-01-20T23:53:27 IST" duration-ms="954" status="PASS">
          <reporter-output>
          </reporter-output>
        </test-method> <!-- test2 -->
        <test-method is-config="true" signature="After()[pri:0, instance:runner.WebApp@8576fa0]" started-at="2022-01-20T23:53:27 IST" name="After" finished-at="2022-01-20T23:53:27 IST" duration-ms="156" status="PASS">
          <reporter-output>
          </reporter-output>
        </test-method> <!-- After -->
        <test-method is-config="true" signature="Before()[pri:0, instance:runner.WebApp@8576fa0]" started-at="2022-01-20T23:53:27 IST" name="Before" finished-at="2022-01-20T23:53:32 IST" duration-ms="5120" status="PASS">
          <reporter-output>
          </reporter-output>
        </test-method> <!-- Before -->
        <test-method signature="test3()[pri:3, instance:runner.WebApp@8576fa0]" started-at="2022-01-20T23:53:32 IST" name="test3" finished-at="2022-01-20T23:53:32 IST" duration-ms="252" status="PASS">
          <reporter-output>
          </reporter-output>
        </test-method> <!-- test3 -->
        <test-method is-config="true" signature="After()[pri:0, instance:runner.WebApp@8576fa0]" started-at="2022-01-20T23:53:32 IST" name="After" finished-at="2022-01-20T23:53:33 IST" duration-ms="135" status="PASS">
          <reporter-output>
          </reporter-output>
        </test-method> <!-- After -->
        <test-method is-config="true" signature="Before()[pri:0, instance:runner.WebApp@8576fa0]" started-at="2022-01-20T23:53:33 IST" name="Before" finished-at="2022-01-20T23:53:39 IST" duration-ms="5974" status="PASS">
          <reporter-output>
          </reporter-output>
        </test-method> <!-- Before -->
        <test-method signature="test4()[pri:4, instance:runner.WebApp@8576fa0]" started-at="2022-01-20T23:53:39 IST" name="test4" finished-at="2022-01-20T23:53:41 IST" duration-ms="2190" status="PASS">
          <reporter-output>
          </reporter-output>
        </test-method> <!-- test4 -->
        <test-method is-config="true" signature="After()[pri:0, instance:runner.WebApp@8576fa0]" started-at="2022-01-20T23:53:41 IST" name="After" finished-at="2022-01-20T23:53:41 IST" duration-ms="143" status="PASS">
          <reporter-output>
          </reporter-output>
        </test-method> <!-- After -->
        <test-method is-config="true" signature="Before()[pri:0, instance:runner.WebApp@8576fa0]" started-at="2022-01-20T23:53:41 IST" name="Before" finished-at="2022-01-20T23:53:48 IST" duration-ms="7275" status="PASS">
          <reporter-output>
          </reporter-output>
        </test-method> <!-- Before -->
        <test-method signature="test5()[pri:5, instance:runner.WebApp@8576fa0]" started-at="2022-01-20T23:53:48 IST" name="test5" finished-at="2022-01-20T23:53:51 IST" duration-ms="3068" status="PASS">
          <reporter-output>
          </reporter-output>
        </test-method> <!-- test5 -->
        <test-method is-config="true" signature="After()[pri:0, instance:runner.WebApp@8576fa0]" started-at="2022-01-20T23:53:51 IST" name="After" finished-at="2022-01-20T23:53:52 IST" duration-ms="246" status="PASS">
          <reporter-output>
          </reporter-output>
        </test-method> <!-- After -->
        <test-method is-config="true" signature="Before()[pri:0, instance:runner.WebApp@8576fa0]" started-at="2022-01-20T23:53:52 IST" name="Before" finished-at="2022-01-20T23:53:57 IST" duration-ms="5098" status="PASS">
          <reporter-output>
          </reporter-output>
        </test-method> <!-- Before -->
        <test-method signature="test6()[pri:6, instance:runner.WebApp@8576fa0]" started-at="2022-01-20T23:53:57 IST" name="test6" finished-at="2022-01-20T23:54:07 IST" duration-ms="10815" status="PASS">
          <reporter-output>
          </reporter-output>
        </test-method> <!-- test6 -->
        <test-method is-config="true" signature="After()[pri:0, instance:runner.WebApp@8576fa0]" started-at="2022-01-20T23:54:07 IST" name="After" finished-at="2022-01-20T23:54:08 IST" duration-ms="217" status="PASS">
          <reporter-output>
          </reporter-output>
        </test-method> <!-- After -->
        <test-method is-config="true" signature="Before()[pri:0, instance:runner.WebApp@8576fa0]" started-at="2022-01-20T23:54:08 IST" name="Before" finished-at="2022-01-20T23:54:12 IST" duration-ms="4838" status="PASS">
          <reporter-output>
          </reporter-output>
        </test-method> <!-- Before -->
        <test-method signature="test7()[pri:7, instance:runner.WebApp@8576fa0]" started-at="2022-01-20T23:54:12 IST" name="test7" finished-at="2022-01-20T23:54:27 IST" duration-ms="14882" status="PASS">
          <reporter-output>
          </reporter-output>
        </test-method> <!-- test7 -->
        <test-method is-config="true" signature="After()[pri:0, instance:runner.WebApp@8576fa0]" started-at="2022-01-20T23:54:27 IST" name="After" finished-at="2022-01-20T23:54:28 IST" duration-ms="303" status="PASS">
          <reporter-output>
          </reporter-output>
        </test-method> <!-- After -->
        <test-method is-config="true" signature="Before()[pri:0, instance:runner.WebApp@8576fa0]" started-at="2022-01-20T23:54:28 IST" name="Before" finished-at="2022-01-20T23:54:36 IST" duration-ms="8572" status="PASS">
          <reporter-output>
          </reporter-output>
        </test-method> <!-- Before -->
        <test-method signature="test8()[pri:8, instance:runner.WebApp@8576fa0]" started-at="2022-01-20T23:54:36 IST" name="test8" finished-at="2022-01-20T23:54:54 IST" duration-ms="17360" status="PASS">
          <reporter-output>
          </reporter-output>
        </test-method> <!-- test8 -->
        <test-method is-config="true" signature="After()[pri:0, instance:runner.WebApp@8576fa0]" started-at="2022-01-20T23:54:54 IST" name="After" finished-at="2022-01-20T23:54:54 IST" duration-ms="212" status="PASS">
          <reporter-output>
          </reporter-output>
        </test-method> <!-- After -->
        <test-method is-config="true" signature="Before()[pri:0, instance:runner.WebApp@8576fa0]" started-at="2022-01-20T23:54:54 IST" name="Before" finished-at="2022-01-20T23:54:59 IST" duration-ms="4859" status="PASS">
          <reporter-output>
          </reporter-output>
        </test-method> <!-- Before -->
        <test-method signature="test9()[pri:9, instance:runner.WebApp@8576fa0]" started-at="2022-01-20T23:54:59 IST" name="test9" finished-at="2022-01-20T23:55:18 IST" duration-ms="19463" status="PASS">
          <reporter-output>
          </reporter-output>
        </test-method> <!-- test9 -->
        <test-method is-config="true" signature="After()[pri:0, instance:runner.WebApp@8576fa0]" started-at="2022-01-20T23:55:18 IST" name="After" finished-at="2022-01-20T23:55:18 IST" duration-ms="227" status="PASS">
          <reporter-output>
          </reporter-output>
        </test-method> <!-- After -->
        <test-method is-config="true" signature="Before()[pri:0, instance:runner.WebApp@8576fa0]" started-at="2022-01-20T23:55:18 IST" name="Before" finished-at="2022-01-20T23:55:26 IST" duration-ms="7540" status="PASS">
          <reporter-output>
          </reporter-output>
        </test-method> <!-- Before -->
        <test-method signature="test10()[pri:10, instance:runner.WebApp@8576fa0]" started-at="2022-01-20T23:55:26 IST" name="test10" finished-at="2022-01-20T23:55:33 IST" duration-ms="7420" status="PASS">
          <reporter-output>
          </reporter-output>
        </test-method> <!-- test10 -->
        <test-method is-config="true" signature="After()[pri:0, instance:runner.WebApp@8576fa0]" started-at="2022-01-20T23:55:33 IST" name="After" finished-at="2022-01-20T23:55:34 IST" duration-ms="262" status="PASS">
          <reporter-output>
          </reporter-output>
        </test-method> <!-- After -->
        <test-method is-config="true" signature="flush()[pri:0, instance:runner.WebApp@8576fa0]" started-at="2022-01-20T23:55:34 IST" name="flush" finished-at="2022-01-20T23:55:34 IST" duration-ms="635" status="PASS">
          <reporter-output>
          </reporter-output>
        </test-method> <!-- flush -->
      </class> <!-- runner.WebApp -->
    </test> <!-- Default test -->
  </suite> <!-- Default suite -->
</testng-results>
